Using pre-set license
Built from '2022.3/staging' branch; Version is '2022.3.17f1 (4fc78088f837) revision 5228416'; Using compiler version '192829333'; Build Type 'Release'
OS: 'Windows 10  (10.0.19045) 64bit Enterprise' Language: 'zh' Physical Memory: 31992 MB
BatchMode: 1, IsHumanControllingUs: 0, StartBugReporterOnCrash: 0, Is64bit: 1, IsPro: 1

COMMAND LINE ARGUMENTS:
C:\Program Files\Unity\Hub\Editor\2022.3.17f1\Editor\Unity.exe
-adb2
-batchMode
-noUpm
-name
AssetImportWorker2
-projectPath
C:/UnityProjectsCollection/Aqua
-logFile
Logs/AssetImportWorker2.log
-srvPort
51042
Successfully changed project path to: C:/UnityProjectsCollection/Aqua
C:/UnityProjectsCollection/Aqua
[UnityMemory] Configuration Parameters - Can be set up in boot.config
    "memorysetup-bucket-allocator-granularity=16"
    "memorysetup-bucket-allocator-bucket-count=8"
    "memorysetup-bucket-allocator-block-size=33554432"
    "memorysetup-bucket-allocator-block-count=8"
    "memorysetup-main-allocator-block-size=16777216"
    "memorysetup-thread-allocator-block-size=16777216"
    "memorysetup-gfx-main-allocator-block-size=16777216"
    "memorysetup-gfx-thread-allocator-block-size=16777216"
    "memorysetup-cache-allocator-block-size=4194304"
    "memorysetup-typetree-allocator-block-size=2097152"
    "memorysetup-profiler-bucket-allocator-granularity=16"
    "memorysetup-profiler-bucket-allocator-bucket-count=8"
    "memorysetup-profiler-bucket-allocator-block-size=33554432"
    "memorysetup-profiler-bucket-allocator-block-count=8"
    "memorysetup-profiler-allocator-block-size=16777216"
    "memorysetup-profiler-editor-allocator-block-size=1048576"
    "memorysetup-temp-allocator-size-main=16777216"
    "memorysetup-job-temp-allocator-block-size=2097152"
    "memorysetup-job-temp-allocator-block-size-background=1048576"
    "memorysetup-job-temp-allocator-reduction-small-platforms=262144"
    "memorysetup-allocator-temp-initial-block-size-main=262144"
    "memorysetup-allocator-temp-initial-block-size-worker=262144"
    "memorysetup-temp-allocator-size-background-worker=32768"
    "memorysetup-temp-allocator-size-job-worker=262144"
    "memorysetup-temp-allocator-size-preload-manager=33554432"
    "memorysetup-temp-allocator-size-nav-mesh-worker=65536"
    "memorysetup-temp-allocator-size-audio-worker=65536"
    "memorysetup-temp-allocator-size-cloud-worker=32768"
    "memorysetup-temp-allocator-size-gi-baking-worker=262144"
    "memorysetup-temp-allocator-size-gfx=262144"
Player connection [10044] Host "[IP] 192.168.50.173 [Port] 0 [Flags] 2 [Guid] 2659551466 [EditorId] 2659551466 [Version] 1048832 [Id] WindowsEditor(7,DESKTOP-1VDOPU8) [Debug] 1 [PackageName] WindowsEditor [ProjectName] Editor" joined multi-casting on [225.0.0.222:54997]...

Player connection [10044] Host "[IP] 192.168.50.173 [Port] 0 [Flags] 2 [Guid] 2659551466 [EditorId] 2659551466 [Version] 1048832 [Id] WindowsEditor(7,DESKTOP-1VDOPU8) [Debug] 1 [PackageName] WindowsEditor [ProjectName] Editor" joined alternative multi-casting on [225.0.0.222:34997]...

[Physics::Module] Initialized MultithreadedJobDispatcher with 15 workers.
Refreshing native plugins compatible for Editor in 18.07 ms, found 4 plugins.
Preloading 0 native plugins for Editor in 0.00 ms.
Initialize engine version: 2022.3.17f1 (4fc78088f837)
[Subsystems] Discovering subsystems at path C:/Program Files/Unity/Hub/Editor/2022.3.17f1/Editor/Data/Resources/UnitySubsystems
[Subsystems] Discovering subsystems at path C:/UnityProjectsCollection/Aqua/Assets
GfxDevice: creating device client; threaded=0; jobified=0
Direct3D:
    Version:  Direct3D 11.0 [level 11.1]
    Renderer: NVIDIA GeForce RTX 3080 Laptop GPU (ID=0x249c)
    Vendor:   NVIDIA
    VRAM:     8032 MB
    Driver:   31.0.15.4633
Initialize mono
Mono path[0] = 'C:/Program Files/Unity/Hub/Editor/2022.3.17f1/Editor/Data/Managed'
Mono path[1] = 'C:/Program Files/Unity/Hub/Editor/2022.3.17f1/Editor/Data/MonoBleedingEdge/lib/mono/unityjit-win32'
Mono config path = 'C:/Program Files/Unity/Hub/Editor/2022.3.17f1/Editor/Data/MonoBleedingEdge/etc'
Using monoOptions --debugger-agent=transport=dt_socket,embedding=1,server=y,suspend=n,address=127.0.0.1:56608
Begin MonoManager ReloadAssembly
Registering precompiled unity dll's ...
Register platform support module: C:/Program Files/Unity/Hub/Editor/2022.3.17f1/Editor/Data/PlaybackEngines/AndroidPlayer/UnityEditor.Android.Extensions.dll
Register platform support module: C:/Program Files/Unity/Hub/Editor/2022.3.17f1/Editor/Data/PlaybackEngines/WindowsStandaloneSupport/UnityEditor.WindowsStandalone.Extensions.dll
Registered in 0.018090 seconds.
- Loaded All Assemblies, in  0.550 seconds
Native extension for WindowsStandalone target not found
Native extension for Android target not found
Android Extension - Scanning For ADB Devices 360 ms
Mono: successfully reloaded assembly
- Finished resetting the current domain, in  0.908 seconds
Domain Reload Profiling: 1455ms
	BeginReloadAssembly (148ms)
		ExecutionOrderSort (0ms)
		DisableScriptedObjects (0ms)
		BackupInstance (0ms)
		ReleaseScriptingObjects (0ms)
		CreateAndSetChildDomain (1ms)
	RebuildCommonClasses (58ms)
	RebuildNativeTypeToScriptingClass (13ms)
	initialDomainReloadingComplete (106ms)
	LoadAllAssembliesAndSetupDomain (222ms)
		LoadAssemblies (148ms)
		RebuildTransferFunctionScriptingTraits (0ms)
		AnalyzeDomain (219ms)
			TypeCache.Refresh (217ms)
				TypeCache.ScanAssembly (201ms)
			ScanForSourceGeneratedMonoScriptInfo (0ms)
			ResolveRequiredComponents (1ms)
	FinalizeReload (908ms)
		ReleaseScriptCaches (0ms)
		RebuildScriptCaches (0ms)
		SetupLoadedEditorAssemblies (813ms)
			LogAssemblyErrors (0ms)
			InitializePlatformSupportModulesInManaged (550ms)
			SetLoadedEditorAssemblies (5ms)
			RefreshPlugins (0ms)
			BeforeProcessingInitializeOnLoad (3ms)
			ProcessInitializeOnLoadAttributes (187ms)
			ProcessInitializeOnLoadMethodAttributes (66ms)
			AfterProcessingInitializeOnLoad (0ms)
			EditorAssembliesLoaded (0ms)
		ExecutionOrderSort2 (0ms)
		AwakeInstancesAfterBackupRestoration (0ms)
========================================================================
Worker process is ready to serve import requests
Begin MonoManager ReloadAssembly
- Loaded All Assemblies, in  0.997 seconds
Refreshing native plugins compatible for Editor in 6.88 ms, found 4 plugins.
Native extension for WindowsStandalone target not found
Native extension for Android target not found
Package Manager log level set to [2]
[Package Manager] Server::EnsureServerProcessIsRunning -- launch failed, reason: Unity was launched with the -noUpm command-line argument
[Package Manager] UpmClient::Send -- Unable to send message (not connected to UPM process).
[Package Manager] Cannot connect to Unity Package Manager local server
Mono: successfully reloaded assembly
- Finished resetting the current domain, in  1.175 seconds
Domain Reload Profiling: 2168ms
	BeginReloadAssembly (200ms)
		ExecutionOrderSort (0ms)
		DisableScriptedObjects (7ms)
		BackupInstance (0ms)
		ReleaseScriptingObjects (0ms)
		CreateAndSetChildDomain (28ms)
	RebuildCommonClasses (57ms)
	RebuildNativeTypeToScriptingClass (24ms)
	initialDomainReloadingComplete (70ms)
	LoadAllAssembliesAndSetupDomain (641ms)
		LoadAssemblies (478ms)
		RebuildTransferFunctionScriptingTraits (0ms)
		AnalyzeDomain (277ms)
			TypeCache.Refresh (238ms)
				TypeCache.ScanAssembly (209ms)
			ScanForSourceGeneratedMonoScriptInfo (32ms)
			ResolveRequiredComponents (5ms)
	FinalizeReload (1175ms)
		ReleaseScriptCaches (0ms)
		RebuildScriptCaches (0ms)
		SetupLoadedEditorAssemblies (926ms)
			LogAssemblyErrors (0ms)
			InitializePlatformSupportModulesInManaged (40ms)
			SetLoadedEditorAssemblies (4ms)
			RefreshPlugins (0ms)
			BeforeProcessingInitializeOnLoad (108ms)
			ProcessInitializeOnLoadAttributes (697ms)
			ProcessInitializeOnLoadMethodAttributes (65ms)
			AfterProcessingInitializeOnLoad (12ms)
			EditorAssembliesLoaded (0ms)
		ExecutionOrderSort2 (0ms)
		AwakeInstancesAfterBackupRestoration (7ms)
Launched and connected shader compiler UnityShaderCompiler.exe after 0.05 seconds
Refreshing native plugins compatible for Editor in 3.99 ms, found 4 plugins.
Preloading 0 native plugins for Editor in 0.00 ms.
Unloading 4048 Unused Serialized files (Serialized files now loaded: 0)
Unloading 70 unused Assets / (244.6 KB). Loaded Objects now: 4508.
Memory consumption went from 154.7 MB to 154.5 MB.
Total: 4.562000 ms (FindLiveObjects: 0.325500 ms CreateObjectMapping: 0.156400 ms MarkObjects: 3.717200 ms  DeleteObjects: 0.361100 ms)

AssetImportParameters requested are different than current active one (requested -> active):
  custom:container-demuxer-ogg: 62fdf1f143b41e24485cea50d1cbac27 -> 
  custom:video-decoder-ogg-theora: a1e56fd34408186e4bbccfd4996cb3dc -> 
  custom:framework-win-MediaFoundation: 216162199b28c13a410421893ffa2e32 -> 
  custom:CustomObjectIndexerAttribute: 6d391050e5a25f67b0a2c618074f2cd9 -> 
  custom:container-demuxer-webm: 4f35f7cbe854078d1ac9338744f61a02 -> 
  custom:container-muxer-webm: aa71ff27fc2769a1b78a27578f13a17b -> 
  custom:video-decoder-webm-vp8: 9c59270c3fd7afecdb556c50c9e8de78 -> 
  custom:SearchIndexIgnoredProperties: e643bd26f0fe6173181afceb89e7c659 -> 
  custom:AudioImporter_EditorPlatform: d09bf68614088b80899f8185d706f6e7 -> 
  custom:video-encoder-webm-vp8: eb34c28f22e8b96e1ab97ce403110664 -> 
  custom:audio-decoder-ogg-vorbis: bf7c407c2cedff20999df2af8eb42d56 -> 
  custom:audio-encoder-webm-vorbis: bf7c407c2cedff20999df2af8eb42d56 -> 
========================================================================
Received Import Request.
  Time since last request: 55237.420212 seconds.
  path: Assets/2D SD Monster Pack/Sprite libraries/Bat Sprite Library Asset.asset
  artifactKey: Guid(3b19362240070471ca40c00f87d2e6d1) Importer(815301076,1909f56bfc062723c751e8b465ee728b)
Start importing Assets/2D SD Monster Pack/Sprite libraries/Bat Sprite Library Asset.asset using Guid(3b19362240070471ca40c00f87d2e6d1) Importer(815301076,1909f56bfc062723c751e8b465ee728b)  -> (artifact id: 'b5e40d03216156fbb02ca33f472e38fb') in 0.020088 seconds
Number of updated asset objects reloaded before import = 0
Number of asset objects unloaded after import = 13
========================================================================
Received Import Request.
  Time since last request: 7.018252 seconds.
  path: Assets/2D SD Monster Pack/Sprite libraries/Ghost Sprite Library Asset.asset
  artifactKey: Guid(8c8ffe0d321694159bd90141100cb1ab) Importer(815301076,1909f56bfc062723c751e8b465ee728b)
Start importing Assets/2D SD Monster Pack/Sprite libraries/Ghost Sprite Library Asset.asset using Guid(8c8ffe0d321694159bd90141100cb1ab) Importer(815301076,1909f56bfc062723c751e8b465ee728b)  -> (artifact id: 'b1574198724fa76ec7ecfdca15db0a9f') in 0.005807 seconds
Number of updated asset objects reloaded before import = 0
Number of asset objects unloaded after import = 15
========================================================================
Received Import Request.
  Time since last request: 8.998753 seconds.
  path: Assets/2D SD Monster Pack/readme.pdf
  artifactKey: Guid(2c7958ffad91e479e92ce6aa715e2386) Importer(815301076,1909f56bfc062723c751e8b465ee728b)
Start importing Assets/2D SD Monster Pack/readme.pdf using Guid(2c7958ffad91e479e92ce6aa715e2386) Importer(815301076,1909f56bfc062723c751e8b465ee728b)  -> (artifact id: '93034540602e5896d58016247d922dd7') in 0.000959 seconds
Number of updated asset objects reloaded before import = 0
Number of asset objects unloaded after import = 1
========================================================================
Received Import Request.
  Time since last request: 49.478051 seconds.
  path: ProjectSettings/TagManager.asset
  artifactKey: Guid(00000000000000003000000000000000) Importer(815301076,1909f56bfc062723c751e8b465ee728b)
Start importing ProjectSettings/TagManager.asset using Guid(00000000000000003000000000000000) Importer(815301076,1909f56bfc062723c751e8b465ee728b)  -> (artifact id: '00742101963796e22a097859c6b2cbcf') in 0.000899 seconds
Number of updated asset objects reloaded before import = 0
Number of asset objects unloaded after import = 0
========================================================================
Received Import Request.
  Time since last request: 57.795068 seconds.
  path: Assets/2D SD Monster Pack/Animations/Ghost/Ghost 1.controller
  artifactKey: Guid(603c178019791d345af844b3591bd143) Importer(815301076,1909f56bfc062723c751e8b465ee728b)
Start importing Assets/2D SD Monster Pack/Animations/Ghost/Ghost 1.controller using Guid(603c178019791d345af844b3591bd143) Importer(815301076,1909f56bfc062723c751e8b465ee728b)  -> (artifact id: 'efc8d033639c734deaa2fd393f818bce') in 0.005059 seconds
Number of updated asset objects reloaded before import = 0
Number of asset objects unloaded after import = 4
========================================================================
Received Import Request.
  Time since last request: 7.900396 seconds.
  path: Assets/2D SD Monster Pack/Animations/Ghost/Ghost 2.controller
  artifactKey: Guid(87b587348a5fc434cb1a1fa2f2b6c5e3) Importer(815301076,1909f56bfc062723c751e8b465ee728b)
Start importing Assets/2D SD Monster Pack/Animations/Ghost/Ghost 2.controller using Guid(87b587348a5fc434cb1a1fa2f2b6c5e3) Importer(815301076,1909f56bfc062723c751e8b465ee728b)  -> (artifact id: 'f0068db54ca304f01942d0b464da387a') in 0.002982 seconds
Number of updated asset objects reloaded before import = 0
Number of asset objects unloaded after import = 4
========================================================================
Received Import Request.
  Time since last request: 3.624946 seconds.
  path: Assets/2D SD Monster Pack/Animations/Ghost/OceanGhost.controller
  artifactKey: Guid(d6330d4d12c74d844a887115c2cbc976) Importer(815301076,1909f56bfc062723c751e8b465ee728b)
Start importing Assets/2D SD Monster Pack/Animations/Ghost/OceanGhost.controller using Guid(d6330d4d12c74d844a887115c2cbc976) Importer(815301076,1909f56bfc062723c751e8b465ee728b)  -> (artifact id: '206a22b0e26ccca9076c7e0550a1eed1') in 0.007395 seconds
Number of updated asset objects reloaded before import = 0
Number of asset objects unloaded after import = 10
========================================================================
Received Import Request.
  Time since last request: 3.872488 seconds.
  path: Assets/2D SD Monster Pack/Animations/Ghost/sad.anim
  artifactKey: Guid(cc4c88d4185234a8fb0f596637ea9491) Importer(815301076,1909f56bfc062723c751e8b465ee728b)
Start importing Assets/2D SD Monster Pack/Animations/Ghost/sad.anim using Guid(cc4c88d4185234a8fb0f596637ea9491) Importer(815301076,1909f56bfc062723c751e8b465ee728b)  -> (artifact id: '766c15f3e4630ef7a701fbc8a7edc35c') in 0.002281 seconds
Number of updated asset objects reloaded before import = 0
Number of asset objects unloaded after import = 1
========================================================================
Received Import Request.
  Time since last request: 98.741568 seconds.
  path: Assets/2D SD Monster Pack/Sprites/weapon/arrow.png
  artifactKey: Guid(1c2969e92198a44c898ff5e3a14d4c31) Importer(815301076,1909f56bfc062723c751e8b465ee728b)
Start importing Assets/2D SD Monster Pack/Sprites/weapon/arrow.png using Guid(1c2969e92198a44c898ff5e3a14d4c31) Importer(815301076,1909f56bfc062723c751e8b465ee728b)  -> (artifact id: '0de6d04fe5ac84e9aff44c9e38fe98ad') in 0.107167 seconds
Number of updated asset objects reloaded before import = 0
Number of asset objects unloaded after import = 3
========================================================================
Received Import Request.
  Time since last request: 0.000020 seconds.
  path: Assets/2D SD Monster Pack/Sprites/weapon/mace.png
  artifactKey: Guid(f96a2264e972740cf92ecd4d077ca7e4) Importer(815301076,1909f56bfc062723c751e8b465ee728b)
Start importing Assets/2D SD Monster Pack/Sprites/weapon/mace.png using Guid(f96a2264e972740cf92ecd4d077ca7e4) Importer(815301076,1909f56bfc062723c751e8b465ee728b)  -> (artifact id: '1b836c44e15d8e11422523fc0795457c') in 0.027723 seconds
Number of updated asset objects reloaded before import = 0
Number of asset objects unloaded after import = 3
========================================================================
Received Import Request.
  Time since last request: 0.000020 seconds.
  path: Assets/2D SD Monster Pack/Sprites/cyclope/hammer.png
  artifactKey: Guid(cb2fa48106c49443fa9e7dfed2793fc7) Importer(815301076,1909f56bfc062723c751e8b465ee728b)
Start importing Assets/2D SD Monster Pack/Sprites/cyclope/hammer.png using Guid(cb2fa48106c49443fa9e7dfed2793fc7) Importer(815301076,1909f56bfc062723c751e8b465ee728b)  -> (artifact id: '0286d09019ae0f54e3d08a6845118fec') in 0.029411 seconds
Number of updated asset objects reloaded before import = 0
Number of asset objects unloaded after import = 3
========================================================================
Received Import Request.
  Time since last request: 0.000026 seconds.
  path: Assets/2D SD Monster Pack/Sprites/weapon/ploearm.png
  artifactKey: Guid(ba2e2574b212648d190c7a4b4fb246db) Importer(815301076,1909f56bfc062723c751e8b465ee728b)
Start importing Assets/2D SD Monster Pack/Sprites/weapon/ploearm.png using Guid(ba2e2574b212648d190c7a4b4fb246db) Importer(815301076,1909f56bfc062723c751e8b465ee728b)  -> (artifact id: 'cfb304486fa5204daf962da0d631b7e5') in 0.033268 seconds
Number of updated asset objects reloaded before import = 0
Number of asset objects unloaded after import = 3
========================================================================
Received Import Request.
  Time since last request: 0.000026 seconds.
  path: Assets/2D SD Monster Pack/Sprites/weapon/staff.png
  artifactKey: Guid(eff38b551b2c4474f8719f9707c5b4bd) Importer(815301076,1909f56bfc062723c751e8b465ee728b)
Start importing Assets/2D SD Monster Pack/Sprites/weapon/staff.png using Guid(eff38b551b2c4474f8719f9707c5b4bd) Importer(815301076,1909f56bfc062723c751e8b465ee728b)  -> (artifact id: 'b61ab814cbd653aa0442ff0c3822a587') in 0.033814 seconds
Number of updated asset objects reloaded before import = 0
Number of asset objects unloaded after import = 3
========================================================================
Received Import Request.
  Time since last request: 0.000033 seconds.
  path: Assets/2D SD Monster Pack/Sprites/weapon/spear.png
  artifactKey: Guid(5c846ef122ac445eebea4157a24aa3a0) Importer(815301076,1909f56bfc062723c751e8b465ee728b)
Start importing Assets/2D SD Monster Pack/Sprites/weapon/spear.png using Guid(5c846ef122ac445eebea4157a24aa3a0) Importer(815301076,1909f56bfc062723c751e8b465ee728b)  -> (artifact id: '32927bddabd0e7212509dcb243eb5d26') in 0.031640 seconds
Number of updated asset objects reloaded before import = 0
Number of asset objects unloaded after import = 3
========================================================================
Received Import Request.
  Time since last request: 0.000017 seconds.
  path: Assets/2D SD Monster Pack/Sprites/weapon/bow.png
  artifactKey: Guid(7ae9f5cd955134dfaa486ffcb8610fcf) Importer(815301076,1909f56bfc062723c751e8b465ee728b)
Start importing Assets/2D SD Monster Pack/Sprites/weapon/bow.png using Guid(7ae9f5cd955134dfaa486ffcb8610fcf) Importer(815301076,1909f56bfc062723c751e8b465ee728b)  -> (artifact id: '26a001ad298dd81c80ca8a55a6ff1791') in 0.034859 seconds
Number of updated asset objects reloaded before import = 0
Number of asset objects unloaded after import = 3
========================================================================
Received Import Request.
  Time since last request: 0.000019 seconds.
  path: Assets/2D SD Monster Pack/Sprites/weapon/dagger.png
  artifactKey: Guid(630c8bfc03af849bbabf23df5888e062) Importer(815301076,1909f56bfc062723c751e8b465ee728b)
Start importing Assets/2D SD Monster Pack/Sprites/weapon/dagger.png using Guid(630c8bfc03af849bbabf23df5888e062) Importer(815301076,1909f56bfc062723c751e8b465ee728b)  -> (artifact id: '54b1834e5ba6aad7b7eeb5e541290173') in 0.031678 seconds
Number of updated asset objects reloaded before import = 0
Number of asset objects unloaded after import = 3
Editor requested this worker to shutdown with reason: Scaling down because of idle timeout
TcpMessagingSession - receive error: operation aborted. errorcode: 995, details: 由于线程退出或应用程序请求，已中止 I/O 操作。
AssetImportWorker is now disconnected from the server
Process exiting
Exiting without the bug reporter. Application will terminate with return code 0